<?xml version="1.0" encoding="UTF-8"?>
<testng-results skipped="0" failed="0" ignored="0" total="1" passed="1">
  <reporter-output>
  </reporter-output>
  <suite name="Default suite" duration-ms="6135" started-at="2019-05-07T04:29:40Z" finished-at="2019-05-07T04:29:46Z">
    <groups>
    </groups>
    <test name="Default test" duration-ms="6135" started-at="2019-05-07T04:29:40Z" finished-at="2019-05-07T04:29:46Z">
      <class name="common.ReverseNumber">
        <test-method status="PASS" signature="testNg()[pri:0, instance:common.ReverseNumber@548b7f67]" name="testNg" duration-ms="6013" started-at="2019-05-07T04:29:40Z" finished-at="2019-05-07T04:29:46Z">
          <reporter-output>
          </reporter-output>
        </test-method> <!-- testNg -->
      </class> <!-- common.ReverseNumber -->
    </test> <!-- Default test -->
  </suite> <!-- Default suite -->
</testng-results>
